<?xml version="1.0" encoding="UTF-8"?>
<testng-results ignored="0" total="2" passed="2" failed="0" skipped="0">
  <reporter-output>
  </reporter-output>
  <suite started-at="2025-02-10T22:37:40 CET" name="Default suite" finished-at="2025-02-10T22:37:54 CET" duration-ms="13152">
    <groups>
      <group name="cucumber">
        <method signature="AbstractTestNGCucumberTests.runScenario(io.cucumber.testng.PickleWrapper,io.cucumber.testng.FeatureWrapper)[pri:0, instance:runner.RunnerTest@7d8704ef]" name="runScenario" class="io.cucumber.testng.AbstractTestNGCucumberTests"/>
      </group> <!-- cucumber -->
    </groups>
    <test started-at="2025-02-10T22:37:40 CET" name="Default test" finished-at="2025-02-10T22:37:54 CET" duration-ms="13152">
      <class name="runner.RunnerTest">
        <test-method is-config="true" signature="setUpClass(org.testng.ITestContext)[pri:0, instance:runner.RunnerTest@7d8704ef]" started-at="2025-02-10T22:37:40 CET" name="setUpClass" finished-at="2025-02-10T22:37:41 CET" duration-ms="369" status="PASS">
          <params>
            <param index="0">
              <value>
                <![CDATA[org.testng.TestRunner@571a9686]]>
              </value>
            </param>
          </params>
          <reporter-output>
          </reporter-output>
        </test-method> <!-- setUpClass -->
        <test-method signature="runScenario(io.cucumber.testng.PickleWrapper,io.cucumber.testng.FeatureWrapper)[pri:0, instance:runner.RunnerTest@7d8704ef]" started-at="2025-02-10T22:37:41 CET" name="runScenario" description="Runs Cucumber Scenarios" data-provider="scenarios" finished-at="2025-02-10T22:37:47 CET" duration-ms="6145" status="PASS">
          <params>
            <param index="0">
              <value>
                <![CDATA["Perform login functionality as a Standard user"]]>
              </value>
            </param>
            <param index="1">
              <value>
                <![CDATA["Login as Standard User"]]>
              </value>
            </param>
          </params>
          <reporter-output>
          </reporter-output>
        </test-method> <!-- runScenario -->
        <test-method signature="runScenario(io.cucumber.testng.PickleWrapper,io.cucumber.testng.FeatureWrapper)[pri:0, instance:runner.RunnerTest@7d8704ef]" started-at="2025-02-10T22:37:47 CET" name="runScenario" description="Runs Cucumber Scenarios" data-provider="scenarios" finished-at="2025-02-10T22:37:54 CET" duration-ms="6587" status="PASS">
          <params>
            <param index="0">
              <value>
                <![CDATA["Submit order in the Saucedemo page by logging in as Standard user"]]>
              </value>
            </param>
            <param index="1">
              <value>
                <![CDATA["Submit Order"]]>
              </value>
            </param>
          </params>
          <reporter-output>
          </reporter-output>
        </test-method> <!-- runScenario -->
        <test-method is-config="true" signature="tearDownClass()[pri:0, instance:runner.RunnerTest@7d8704ef]" started-at="2025-02-10T22:37:54 CET" name="tearDownClass" finished-at="2025-02-10T22:37:54 CET" duration-ms="7" status="PASS">
          <reporter-output>
          </reporter-output>
        </test-method> <!-- tearDownClass -->
      </class> <!-- runner.RunnerTest -->
    </test> <!-- Default test -->
  </suite> <!-- Default suite -->
</testng-results>
